c:\users\mpowe\source\repos\data-structures\recursion\x64\debug\vc143.pdb
c:\users\mpowe\source\repos\data-structures\recursion\x64\debug\vc143.idb
c:\users\mpowe\source\repos\data-structures\recursion\x64\debug\main.obj
c:\users\mpowe\source\repos\data-structures\recursion\x64\debug\basicrecursivetypes.obj
c:\users\mpowe\source\repos\data-structures\recursion\x64\debug\recursion.res
c:\users\mpowe\source\repos\data-structures\recursion\x64\debug\recursion.pdb
c:\users\mpowe\source\repos\data-structures\recursion\x64\debug\recursion.tlog\cl.command.1.tlog
c:\users\mpowe\source\repos\data-structures\recursion\x64\debug\recursion.tlog\cl.read.1.tlog
c:\users\mpowe\source\repos\data-structures\recursion\x64\debug\recursion.tlog\cl.write.1.tlog
c:\users\mpowe\source\repos\data-structures\recursion\x64\debug\recursion.tlog\link-cvtres.read.1.tlog
c:\users\mpowe\source\repos\data-structures\recursion\x64\debug\recursion.tlog\link-cvtres.write.1.tlog
c:\users\mpowe\source\repos\data-structures\recursion\x64\debug\recursion.tlog\link-rc.read.1.tlog
c:\users\mpowe\source\repos\data-structures\recursion\x64\debug\recursion.tlog\link-rc.write.1.tlog
c:\users\mpowe\source\repos\data-structures\recursion\x64\debug\recursion.tlog\link.command.1.tlog
c:\users\mpowe\source\repos\data-structures\recursion\x64\debug\recursion.tlog\link.read.1.tlog
c:\users\mpowe\source\repos\data-structures\recursion\x64\debug\recursion.tlog\link.read.2.tlog
c:\users\mpowe\source\repos\data-structures\recursion\x64\debug\recursion.tlog\link.read.3.tlog
c:\users\mpowe\source\repos\data-structures\recursion\x64\debug\recursion.tlog\link.read.4.tlog
c:\users\mpowe\source\repos\data-structures\recursion\x64\debug\recursion.tlog\link.write.1.tlog
c:\users\mpowe\source\repos\data-structures\recursion\x64\debug\recursion.tlog\rc.command.1.tlog
c:\users\mpowe\source\repos\data-structures\recursion\x64\debug\recursion.tlog\rc.read.1.tlog
c:\users\mpowe\source\repos\data-structures\recursion\x64\debug\recursion.tlog\rc.write.1.tlog
